<?xml version="1.0" encoding="UTF-8"?>
<testsuite name="ru.netology.service.CashbackHackServiceTest" tests="4" skipped="0" failures="0" errors="0" timestamp="2023-03-02T12:07:27" hostname="DESKTOP-TF4NVTC" time="0.045">
  <properties/>
  <testcase name="equalValue" classname="ru.netology.service.CashbackHackServiceTest" time="0.021"/>
  <testcase name="minValue" classname="ru.netology.service.CashbackHackServiceTest" time="0.0"/>
  <testcase name="negativeMeaning" classname="ru.netology.service.CashbackHackServiceTest" time="0.001"/>
  <testcase name="remain" classname="ru.netology.service.CashbackHackServiceTest" time="0.0"/>
  <system-out><![CDATA[]]></system-out>
  <system-err><![CDATA[]]></system-err>
</testsuite>
